<?xml version="1.0" encoding="UTF-8"?>
<!-- Generated by org.testng.reporters.JUnitXMLReporter -->
<testsuite ignored="0" hostname="DESKTOP-8IKNKTU" failures="0" tests="4" name="TestName" time="6.682" errors="0" timestamp="2024-06-09T23:21:53 CEST">
  <testcase classname="useCase1.SwapiApiTest" name="findFilmWithLatestReleaseDate" time="0.705"/>
  <testcase classname="useCase1.SwapiApiTest" name="findTallestCharacterInAllFilms" time="3.408"/>
  <testcase classname="useCase1.SwapiApiTest" name="findTallestCharacterInLatestFilm" time="2.305"/>
  <testcase classname="useCase2.SwapiContractTest" name="testPeopleApiResponse" time="0.139"/>
</testsuite> <!-- TestName -->
